ID	Site	Residue	Score	Y/N(Sp=90%)	Y/N(Sp=95%)	Y/N(Sp=99%)
tr|A2A274|A2A274_HUMAN	12		0.025770	N	N	N
tr|A2A274|A2A274_HUMAN	30		0.022205	N	N	N
tr|A2A274|A2A274_HUMAN	49		0.020894	N	N	N
tr|A2A274|A2A274_HUMAN	56		0.017574	N	N	N
tr|A2A274|A2A274_HUMAN	67		0.016243	N	N	N
tr|A2A274|A2A274_HUMAN	85		0.019100	N	N	N
tr|A2A274|A2A274_HUMAN	116		0.014259	N	N	N
tr|A2A274|A2A274_HUMAN	137		0.021005	N	N	N
tr|A2A274|A2A274_HUMAN	143		0.016608	N	N	N
tr|A2A274|A2A274_HUMAN	159		0.017901	N	N	N
tr|A2A274|A2A274_HUMAN	166		0.019778	N	N	N
tr|A2A274|A2A274_HUMAN	224		0.016812	N	N	N
tr|A2A274|A2A274_HUMAN	227		0.028502	N	N	N
tr|A2A274|A2A274_HUMAN	232		0.024645	N	N	N
tr|A2A274|A2A274_HUMAN	244		0.022520	N	N	N
tr|A2A274|A2A274_HUMAN	249		0.028037	N	N	N
tr|A2A274|A2A274_HUMAN	257		0.021624	N	N	N
tr|A2A274|A2A274_HUMAN	328		0.016366	N	N	N
tr|A2A274|A2A274_HUMAN	329		0.016435	N	N	N
tr|A2A274|A2A274_HUMAN	333		0.020373	N	N	N
tr|A2A274|A2A274_HUMAN	347		0.014986	N	N	N
tr|A2A274|A2A274_HUMAN	370		0.014685	N	N	N
tr|A2A274|A2A274_HUMAN	390		0.017958	N	N	N
tr|A2A274|A2A274_HUMAN	394		0.029662	N	N	N
tr|A2A274|A2A274_HUMAN	425		0.035273	N	N	N
tr|A2A274|A2A274_HUMAN	433		0.030429	N	N	N
tr|A2A274|A2A274_HUMAN	435		0.033192	N	N	N
tr|A2A274|A2A274_HUMAN	482		0.019327	N	N	N
tr|A2A274|A2A274_HUMAN	485		0.016634	N	N	N
tr|A2A274|A2A274_HUMAN	486		0.015482	N	N	N
tr|A2A274|A2A274_HUMAN	489		0.040040	N	N	N
tr|A2A274|A2A274_HUMAN	530		0.014782	N	N	N
tr|A2A274|A2A274_HUMAN	544		0.696056	Y	Y	Y
tr|A2A274|A2A274_HUMAN	545		0.025970	N	N	N
tr|A2A274|A2A274_HUMAN	558		0.019345	N	N	N
tr|A2A274|A2A274_HUMAN	573		0.615353	Y	Y	Y
tr|A2A274|A2A274_HUMAN	597		0.018521	N	N	N
tr|A2A274|A2A274_HUMAN	601		0.021110	N	N	N
tr|A2A274|A2A274_HUMAN	611		0.020755	N	N	N
tr|A2A274|A2A274_HUMAN	613		0.017618	N	N	N
tr|A2A274|A2A274_HUMAN	615		0.665405	Y	Y	Y
tr|A2A274|A2A274_HUMAN	629		0.638894	Y	Y	Y
tr|A2A274|A2A274_HUMAN	652		0.018648	N	N	N
tr|A2A274|A2A274_HUMAN	675		0.019276	N	N	N
tr|A2A274|A2A274_HUMAN	676		0.019050	N	N	N
tr|A2A274|A2A274_HUMAN	713		0.047252	N	N	N
tr|A2A274|A2A274_HUMAN	724		0.018928	N	N	N
tr|A2A274|A2A274_HUMAN	725		0.017089	N	N	N
tr|A2A274|A2A274_HUMAN	741		0.016417	N	N	N
tr|A2A274|A2A274_HUMAN	747		0.031059	N	N	N
tr|A2A274|A2A274_HUMAN	754		0.723946	Y	Y	Y
tr|A2A274|A2A274_HUMAN	760		0.757628	Y	Y	Y
tr|A2A274|A2A274_HUMAN	763		0.720990	Y	Y	Y
tr|A2A274|A2A274_HUMAN	767		0.018532	N	N	N
tr|A2A274|A2A274_HUMAN	800		0.017214	N	N	N
sp|Q9ULV4|COR1C_HUMAN	8		0.021025	N	N	N
sp|Q9ULV4|COR1C_HUMAN	18		0.752087	Y	Y	Y
sp|Q9ULV4|COR1C_HUMAN	64		0.016592	N	N	N
sp|Q9ULV4|COR1C_HUMAN	70		0.019673	N	N	N
sp|Q9ULV4|COR1C_HUMAN	130		0.019270	N	N	N
sp|Q9ULV4|COR1C_HUMAN	193		0.734025	Y	Y	Y
sp|Q9ULV4|COR1C_HUMAN	195		0.017772	N	N	N
sp|Q9ULV4|COR1C_HUMAN	196		0.016137	N	N	N
sp|Q9ULV4|COR1C_HUMAN	204		0.024261	N	N	N
sp|Q9ULV4|COR1C_HUMAN	211		0.020498	N	N	N
sp|Q9ULV4|COR1C_HUMAN	213		0.016485	N	N	N
sp|Q9ULV4|COR1C_HUMAN	250		0.014409	N	N	N
sp|Q9ULV4|COR1C_HUMAN	284		0.017257	N	N	N
sp|Q9ULV4|COR1C_HUMAN	310		0.017370	N	N	N
sp|Q9ULV4|COR1C_HUMAN	321		0.024932	N	N	N
sp|Q9ULV4|COR1C_HUMAN	328		0.674200	Y	Y	Y
sp|Q9ULV4|COR1C_HUMAN	336		0.022590	N	N	N
sp|Q9ULV4|COR1C_HUMAN	341		0.023832	N	N	N
sp|Q9ULV4|COR1C_HUMAN	352		0.017266	N	N	N
sp|Q9ULV4|COR1C_HUMAN	380		0.016473	N	N	N
sp|Q9ULV4|COR1C_HUMAN	390		0.019961	N	N	N
sp|Q9ULV4|COR1C_HUMAN	397		0.726246	Y	Y	Y
sp|Q9ULV4|COR1C_HUMAN	402		0.016713	N	N	N
sp|Q9ULV4|COR1C_HUMAN	405		0.017788	N	N	N
sp|Q9ULV4|COR1C_HUMAN	406		0.026259	N	N	N
sp|Q9ULV4|COR1C_HUMAN	412		0.723268	Y	Y	Y
sp|Q9ULV4|COR1C_HUMAN	417		0.020211	N	N	N
sp|Q9ULV4|COR1C_HUMAN	418		0.045174	N	N	N
sp|Q9ULV4|COR1C_HUMAN	426		0.051618	N	N	N
sp|Q9ULV4|COR1C_HUMAN	427		0.021142	N	N	N
sp|Q9ULV4|COR1C_HUMAN	439		0.621347	Y	Y	Y
sp|Q9ULV4|COR1C_HUMAN	445		0.685487	Y	Y	Y
sp|Q9ULV4|COR1C_HUMAN	448		0.638884	Y	Y	Y
sp|Q9ULV4|COR1C_HUMAN	451		0.720521	Y	Y	Y
sp|Q9ULV4|COR1C_HUMAN	463		0.029402	N	N	N
sp|Q9ULV4|COR1C_HUMAN	470		0.019700	N	N	N
